

Started GET "/" for 127.0.0.1 at 2012-12-09 00:38:53 +0530
Connecting to database specified by database.yml
Processing by GuestsController#new as HTML
  [1m[36mGuest Load (0.2ms)[0m  [1mSELECT `guests`.* FROM `guests` [0m
  Rendered guests/_form.html.erb (5.5ms)
  Rendered guests/new.html.erb within layouts/application (46.7ms)
  Rendered shared/_top_carousel.html.erb (2.1ms)
  [1m[35mCACHE (0.0ms)[0m  SELECT `guests`.* FROM `guests` 
  Rendered shared/_attendee.html.erb (4.2ms)
  Rendered shared/_footer.html.erb (1.0ms)
  Rendered shared/_attending.html.erb (0.9ms)
  Rendered shared/_attending_list.html.erb (2.1ms)
  Rendered shared/_right_panel.html.erb (10.5ms)
Completed 200 OK in 513ms (Views: 350.5ms | ActiveRecord: 1.5ms)


Started POST "/guests" for 127.0.0.1 at 2012-12-09 00:39:23 +0530
Processing by GuestsController#create as HTML
  Parameters: {"utf8"=>"✓", "authenticity_token"=>"Qo33P3cNdw0Jt9MDGGP+mGJTXGqlHVZcaqXslT/4cGo=", "guest"=>{"name"=>"Ashihs", "cell_num"=>"", "attending"=>"0"}, "commit"=>"Register"}
  [1m[36m (0.2ms)[0m  [1mBEGIN[0m
  [1m[35m (0.1ms)[0m  ROLLBACK
  Rendered guests/_form.html.erb (4.4ms)
  Rendered guests/new.html.erb within layouts/application (5.5ms)
  Rendered shared/_top_carousel.html.erb (1.0ms)
  [1m[36mGuest Load (0.1ms)[0m  [1mSELECT `guests`.* FROM `guests` [0m
  Rendered shared/_attendee.html.erb (4.9ms)
  Rendered shared/_footer.html.erb (0.3ms)
  Rendered shared/_attending.html.erb (65.5ms)
  Rendered shared/_attending_list.html.erb (66.5ms)
  Rendered shared/_right_panel.html.erb (74.3ms)
Completed 500 Internal Server Error in 110ms

ActionView::Template::Error (undefined method `collect' for nil:NilClass):
    6:   </thead>
    7:   <tbody>
    8:     <tr>
    9:       <% attending_guests(guests).each do |name|%>
    10:         <td>
    11:           <i class='icon-ok' style="margin-right:5px"></i>
    12:           <%= name -%>
  app/helpers/guests_helper.rb:21:in `attending_guests'
  app/views/shared/_attending.html.erb:9:in `_app_views_shared__attending_html_erb___724276538_83198550'
  app/views/shared/_attending_list.html.erb:5:in `_app_views_shared__attending_list_html_erb__953638458_81768600'
  app/views/shared/_right_panel.html.erb:26:in `_app_views_shared__right_panel_html_erb__491014584_73165070'
  app/views/layouts/application.html.erb:17:in `_app_views_layouts_application_html_erb___88316434_78711430'
  app/controllers/guests_controller.rb:53:in `block (2 levels) in create'
  app/controllers/guests_controller.rb:48:in `create'


  Rendered /home/ashish/.rvm/gems/ruby-1.9.3-p194/gems/actionpack-3.2.9/lib/action_dispatch/middleware/templates/rescues/_trace.erb (3.1ms)
  Rendered /home/ashish/.rvm/gems/ruby-1.9.3-p194/gems/actionpack-3.2.9/lib/action_dispatch/middleware/templates/rescues/_request_and_response.erb (2.5ms)
  Rendered /home/ashish/.rvm/gems/ruby-1.9.3-p194/gems/actionpack-3.2.9/lib/action_dispatch/middleware/templates/rescues/template_error.erb within rescues/layout (17.2ms)


Started GET "/" for 127.0.0.1 at 2012-12-09 00:39:36 +0530
Processing by GuestsController#new as HTML
  [1m[35mGuest Load (0.2ms)[0m  SELECT `guests`.* FROM `guests` 
  Rendered guests/_form.html.erb (3.8ms)
  Rendered guests/new.html.erb within layouts/application (4.7ms)
  Rendered shared/_top_carousel.html.erb (0.9ms)
  [1m[36mCACHE (0.0ms)[0m  [1mSELECT `guests`.* FROM `guests` [0m
  Rendered shared/_attendee.html.erb (3.6ms)
  Rendered shared/_footer.html.erb (0.3ms)
  Rendered shared/_attending.html.erb (0.3ms)
  Rendered shared/_attending_list.html.erb (0.9ms)
  Rendered shared/_right_panel.html.erb (6.7ms)
Completed 200 OK in 29ms (Views: 26.5ms | ActiveRecord: 0.2ms)


Started POST "/guests" for 127.0.0.1 at 2012-12-09 00:39:52 +0530
Processing by GuestsController#create as HTML
  Parameters: {"utf8"=>"✓", "authenticity_token"=>"Qo33P3cNdw0Jt9MDGGP+mGJTXGqlHVZcaqXslT/4cGo=", "guest"=>{"name"=>"Ashihs", "cell_num"=>"3213213213", "attending"=>"0"}, "commit"=>"Register"}
  [1m[35m (0.1ms)[0m  BEGIN
  [1m[36m (0.1ms)[0m  [1mROLLBACK[0m
  Rendered guests/_form.html.erb (3.8ms)
  Rendered guests/new.html.erb within layouts/application (4.8ms)
  Rendered shared/_top_carousel.html.erb (1.0ms)
  [1m[35mGuest Load (0.1ms)[0m  SELECT `guests`.* FROM `guests` 
  Rendered shared/_attendee.html.erb (4.6ms)
  Rendered shared/_footer.html.erb (0.3ms)
  Rendered shared/_attending.html.erb (1.1ms)
  Rendered shared/_attending_list.html.erb (1.9ms)
  Rendered shared/_right_panel.html.erb (9.1ms)
Completed 500 Internal Server Error in 34ms

ActionView::Template::Error (undefined method `collect' for nil:NilClass):
    6:   </thead>
    7:   <tbody>
    8:     <tr>
    9:       <% attending_guests(guests).each do |name|%>
    10:         <td>
    11:           <i class='icon-ok' style="margin-right:5px"></i>
    12:           <%= name -%>
  app/helpers/guests_helper.rb:21:in `attending_guests'
  app/views/shared/_attending.html.erb:9:in `_app_views_shared__attending_html_erb___724276538_83198550'
  app/views/shared/_attending_list.html.erb:5:in `_app_views_shared__attending_list_html_erb__953638458_81768600'
  app/views/shared/_right_panel.html.erb:26:in `_app_views_shared__right_panel_html_erb__491014584_73165070'
  app/views/layouts/application.html.erb:17:in `_app_views_layouts_application_html_erb___88316434_78711430'
  app/controllers/guests_controller.rb:53:in `block (2 levels) in create'
  app/controllers/guests_controller.rb:48:in `create'


  Rendered /home/ashish/.rvm/gems/ruby-1.9.3-p194/gems/actionpack-3.2.9/lib/action_dispatch/middleware/templates/rescues/_trace.erb (3.2ms)
  Rendered /home/ashish/.rvm/gems/ruby-1.9.3-p194/gems/actionpack-3.2.9/lib/action_dispatch/middleware/templates/rescues/_request_and_response.erb (2.2ms)
  Rendered /home/ashish/.rvm/gems/ruby-1.9.3-p194/gems/actionpack-3.2.9/lib/action_dispatch/middleware/templates/rescues/template_error.erb within rescues/layout (17.4ms)


Started POST "/guests" for 127.0.0.1 at 2012-12-09 00:39:56 +0530
Processing by GuestsController#create as HTML
  Parameters: {"utf8"=>"✓", "authenticity_token"=>"Qo33P3cNdw0Jt9MDGGP+mGJTXGqlHVZcaqXslT/4cGo=", "guest"=>{"name"=>"Ashihs", "cell_num"=>"3213213213", "sex"=>"male", "attending"=>"0"}, "commit"=>"Register"}
  [1m[36m (0.2ms)[0m  [1mBEGIN[0m
  [1m[35mSQL (2.0ms)[0m  INSERT INTO `guests` (`attending`, `cell_num`, `created_at`, `name`, `sex`, `updated_at`) VALUES (0, '3213213213', '2012-12-08 19:09:56', 'Ashihs', 'male', '2012-12-08 19:09:56')
  [1m[36m (37.9ms)[0m  [1mCOMMIT[0m
Redirected to http://localhost:3000/guests/12
Completed 302 Found in 55ms (ActiveRecord: 40.1ms)


Started GET "/guests/12" for 127.0.0.1 at 2012-12-09 00:39:56 +0530
Processing by GuestsController#show as HTML
  Parameters: {"id"=>"12"}
  [1m[35mGuest Load (0.4ms)[0m  SELECT `guests`.* FROM `guests` WHERE `guests`.`id` = 12 LIMIT 1
  [1m[36mGuest Load (0.3ms)[0m  [1mSELECT `guests`.* FROM `guests` [0m
  Rendered guests/show.html.erb within layouts/application (0.7ms)
  Rendered shared/_top_carousel.html.erb (0.9ms)
  [1m[35mCACHE (0.0ms)[0m  SELECT `guests`.* FROM `guests` 
  Rendered shared/_attendee.html.erb (4.4ms)
  Rendered shared/_footer.html.erb (0.4ms)
  Rendered shared/_attending.html.erb (0.3ms)
  Rendered shared/_attending_list.html.erb (1.1ms)
  Rendered shared/_right_panel.html.erb (8.8ms)
Completed 200 OK in 31ms (Views: 25.7ms | ActiveRecord: 0.6ms)


Started GET "/" for 127.0.0.1 at 2012-12-09 00:41:57 +0530
Processing by GuestsController#new as HTML
  [1m[36mGuest Load (0.2ms)[0m  [1mSELECT `guests`.* FROM `guests` [0m
ERROR: compiling _app_views_guests__form_html_erb___334469049_80330250 RAISED /home/ashish/workspace/jashn2012/app/views/guests/_form.html.erb:12: syntax error, unexpected ':', expecting ')'
...utton :sex, "male", :required : 'required'  );@output_buffer...
...                               ^
/home/ashish/workspace/jashn2012/app/views/guests/_form.html.erb:13: syntax error, unexpected ':', expecting ')'
...ton :sex, "female", :required : 'required'  );@output_buffer...
...                               ^
Function body:           def _app_views_guests__form_html_erb___334469049_80330250(local_assigns, output_buffer)
            _old_virtual_path, @virtual_path = @virtual_path, "guests/_form";_old_output_buffer = @output_buffer;form = local_assigns[:form];;@output_buffer = output_buffer || ActionView::OutputBuffer.new;@output_buffer.append=  form_for @guest  do |f| @output_buffer.safe_concat('
'); unless @guest.errors.full_messages.blank? 
@output_buffer.safe_concat('<div class="alert alert-error">
	');@output_buffer.append= ( formatted_message @guest.errors.full_messages );@output_buffer.safe_concat(' <i class=\'icon-off\'></i>
</div>
');end
@output_buffer.append= ( f.text_field :name ,:size => 50,:placeholder => 'Name', :required => true);@output_buffer.safe_concat(' </br>

');@output_buffer.append= ( f.phone_field :cell_num , :pattern=>"[0-9]{10}", :title=>'Phone Number 10 Digit',:placeholder => 'Mobile No', :required => true);@output_buffer.safe_concat('</br>

<label class="Radio">
	');@output_buffer.append= ( f.radio_button :sex, "male", :required : 'required'  );@output_buffer.safe_concat(' Male
	');@output_buffer.append= ( f.radio_button :sex, "female", :required : 'required'  );@output_buffer.safe_concat(' Female
</label>

<label class="checkbox">
	');@output_buffer.append= ( f.check_box :attending);@output_buffer.safe_concat(' Attending ?
</label>

');@output_buffer.append= ( f.submit 'Register',:class => 'btn btn-warning');@output_buffer.safe_concat('
'); end 
@output_buffer.safe_concat('
');@output_buffer.to_s
          ensure
            @virtual_path, @output_buffer = _old_virtual_path, _old_output_buffer
          end

Backtrace: /home/ashish/.rvm/gems/ruby-1.9.3-p194/gems/actionpack-3.2.9/lib/action_view/template.rb:297:in `module_eval'
/home/ashish/.rvm/gems/ruby-1.9.3-p194/gems/actionpack-3.2.9/lib/action_view/template.rb:297:in `compile'
/home/ashish/.rvm/gems/ruby-1.9.3-p194/gems/actionpack-3.2.9/lib/action_view/template.rb:244:in `block in compile!'
<internal:prelude>:10:in `synchronize'
/home/ashish/.rvm/gems/ruby-1.9.3-p194/gems/actionpack-3.2.9/lib/action_view/template.rb:232:in `compile!'
/home/ashish/.rvm/gems/ruby-1.9.3-p194/gems/actionpack-3.2.9/lib/action_view/template.rb:144:in `block in render'
/home/ashish/.rvm/gems/ruby-1.9.3-p194/gems/activesupport-3.2.9/lib/active_support/notifications.rb:125:in `instrument'
/home/ashish/.rvm/gems/ruby-1.9.3-p194/gems/actionpack-3.2.9/lib/action_view/template.rb:143:in `render'
/home/ashish/.rvm/gems/ruby-1.9.3-p194/gems/actionpack-3.2.9/lib/action_view/renderer/partial_renderer.rb:265:in `render_partial'
/home/ashish/.rvm/gems/ruby-1.9.3-p194/gems/actionpack-3.2.9/lib/action_view/renderer/partial_renderer.rb:238:in `block in render'
/home/ashish/.rvm/gems/ruby-1.9.3-p194/gems/actionpack-3.2.9/lib/action_view/renderer/abstract_renderer.rb:38:in `block in instrument'
/home/ashish/.rvm/gems/ruby-1.9.3-p194/gems/activesupport-3.2.9/lib/active_support/notifications.rb:123:in `block in instrument'
/home/ashish/.rvm/gems/ruby-1.9.3-p194/gems/activesupport-3.2.9/lib/active_support/notifications/instrumenter.rb:20:in `instrument'
/home/ashish/.rvm/gems/ruby-1.9.3-p194/gems/activesupport-3.2.9/lib/active_support/notifications.rb:123:in `instrument'
/home/ashish/.rvm/gems/ruby-1.9.3-p194/gems/actionpack-3.2.9/lib/action_view/renderer/abstract_renderer.rb:38:in `instrument'
/home/ashish/.rvm/gems/ruby-1.9.3-p194/gems/actionpack-3.2.9/lib/action_view/renderer/partial_renderer.rb:237:in `render'
/home/ashish/.rvm/gems/ruby-1.9.3-p194/gems/actionpack-3.2.9/lib/action_view/renderer/renderer.rb:41:in `render_partial'
/home/ashish/.rvm/gems/ruby-1.9.3-p194/gems/actionpack-3.2.9/lib/action_view/helpers/rendering_helper.rb:27:in `render'
/home/ashish/workspace/jashn2012/app/views/guests/new.html.erb:4:in `_app_views_guests_new_html_erb__377639929_73923240'
/home/ashish/.rvm/gems/ruby-1.9.3-p194/gems/actionpack-3.2.9/lib/action_view/template.rb:145:in `block in render'
/home/ashish/.rvm/gems/ruby-1.9.3-p194/gems/activesupport-3.2.9/lib/active_support/notifications.rb:125:in `instrument'
/home/ashish/.rvm/gems/ruby-1.9.3-p194/gems/actionpack-3.2.9/lib/action_view/template.rb:143:in `render'
/home/ashish/.rvm/gems/ruby-1.9.3-p194/gems/actionpack-3.2.9/lib/action_view/renderer/template_renderer.rb:47:in `block (2 levels) in render_template'
/home/ashish/.rvm/gems/ruby-1.9.3-p194/gems/actionpack-3.2.9/lib/action_view/renderer/abstract_renderer.rb:38:in `block in instrument'
/home/ashish/.rvm/gems/ruby-1.9.3-p194/gems/activesupport-3.2.9/lib/active_support/notifications.rb:123:in `block in instrument'
/home/ashish/.rvm/gems/ruby-1.9.3-p194/gems/activesupport-3.2.9/lib/active_support/notifications/instrumenter.rb:20:in `instrument'
/home/ashish/.rvm/gems/ruby-1.9.3-p194/gems/activesupport-3.2.9/lib/active_support/notifications.rb:123:in `instrument'
/home/ashish/.rvm/gems/ruby-1.9.3-p194/gems/actionpack-3.2.9/lib/action_view/renderer/abstract_renderer.rb:38:in `instrument'
/home/ashish/.rvm/gems/ruby-1.9.3-p194/gems/actionpack-3.2.9/lib/action_view/renderer/template_renderer.rb:46:in `block in render_template'
/home/ashish/.rvm/gems/ruby-1.9.3-p194/gems/actionpack-3.2.9/lib/action_view/renderer/template_renderer.rb:54:in `render_with_layout'
/home/ashish/.rvm/gems/ruby-1.9.3-p194/gems/actionpack-3.2.9/lib/action_view/renderer/template_renderer.rb:45:in `render_template'
/home/ashish/.rvm/gems/ruby-1.9.3-p194/gems/actionpack-3.2.9/lib/action_view/renderer/template_renderer.rb:18:in `render'
/home/ashish/.rvm/gems/ruby-1.9.3-p194/gems/actionpack-3.2.9/lib/action_view/renderer/renderer.rb:36:in `render_template'
/home/ashish/.rvm/gems/ruby-1.9.3-p194/gems/actionpack-3.2.9/lib/action_view/renderer/renderer.rb:17:in `render'
/home/ashish/.rvm/gems/ruby-1.9.3-p194/gems/actionpack-3.2.9/lib/abstract_controller/rendering.rb:110:in `_render_template'
/home/ashish/.rvm/gems/ruby-1.9.3-p194/gems/actionpack-3.2.9/lib/action_controller/metal/streaming.rb:225:in `_render_template'
/home/ashish/.rvm/gems/ruby-1.9.3-p194/gems/actionpack-3.2.9/lib/abstract_controller/rendering.rb:103:in `render_to_body'
/home/ashish/.rvm/gems/ruby-1.9.3-p194/gems/actionpack-3.2.9/lib/action_controller/metal/renderers.rb:28:in `render_to_body'
/home/ashish/.rvm/gems/ruby-1.9.3-p194/gems/actionpack-3.2.9/lib/action_controller/metal/compatibility.rb:50:in `render_to_body'
/home/ashish/.rvm/gems/ruby-1.9.3-p194/gems/actionpack-3.2.9/lib/abstract_controller/rendering.rb:88:in `render'
/home/ashish/.rvm/gems/ruby-1.9.3-p194/gems/actionpack-3.2.9/lib/action_controller/metal/rendering.rb:16:in `render'
/home/ashish/.rvm/gems/ruby-1.9.3-p194/gems/actionpack-3.2.9/lib/action_controller/metal/instrumentation.rb:40:in `block (2 levels) in render'
/home/ashish/.rvm/gems/ruby-1.9.3-p194/gems/activesupport-3.2.9/lib/active_support/core_ext/benchmark.rb:5:in `block in ms'
/home/ashish/.rvm/rubies/ruby-1.9.3-p194/lib/ruby/1.9.1/benchmark.rb:295:in `realtime'
/home/ashish/.rvm/gems/ruby-1.9.3-p194/gems/activesupport-3.2.9/lib/active_support/core_ext/benchmark.rb:5:in `ms'
/home/ashish/.rvm/gems/ruby-1.9.3-p194/gems/actionpack-3.2.9/lib/action_controller/metal/instrumentation.rb:40:in `block in render'
/home/ashish/.rvm/gems/ruby-1.9.3-p194/gems/actionpack-3.2.9/lib/action_controller/metal/instrumentation.rb:83:in `cleanup_view_runtime'
/home/ashish/.rvm/gems/ruby-1.9.3-p194/gems/activerecord-3.2.9/lib/active_record/railties/controller_runtime.rb:24:in `cleanup_view_runtime'
/home/ashish/.rvm/gems/ruby-1.9.3-p194/gems/actionpack-3.2.9/lib/action_controller/metal/instrumentation.rb:39:in `render'
/home/ashish/.rvm/gems/ruby-1.9.3-p194/gems/actionpack-3.2.9/lib/action_controller/metal/implicit_render.rb:10:in `default_render'
/home/ashish/.rvm/gems/ruby-1.9.3-p194/gems/actionpack-3.2.9/lib/action_controller/metal/mime_responds.rb:196:in `respond_to'
/home/ashish/workspace/jashn2012/app/controllers/guests_controller.rb:32:in `new'
/home/ashish/.rvm/gems/ruby-1.9.3-p194/gems/actionpack-3.2.9/lib/action_controller/metal/implicit_render.rb:4:in `send_action'
/home/ashish/.rvm/gems/ruby-1.9.3-p194/gems/actionpack-3.2.9/lib/abstract_controller/base.rb:167:in `process_action'
/home/ashish/.rvm/gems/ruby-1.9.3-p194/gems/actionpack-3.2.9/lib/action_controller/metal/rendering.rb:10:in `process_action'
/home/ashish/.rvm/gems/ruby-1.9.3-p194/gems/actionpack-3.2.9/lib/abstract_controller/callbacks.rb:18:in `block in process_action'
/home/ashish/.rvm/gems/ruby-1.9.3-p194/gems/activesupport-3.2.9/lib/active_support/callbacks.rb:414:in `_run__525953541__process_action__365140938__callbacks'
/home/ashish/.rvm/gems/ruby-1.9.3-p194/gems/activesupport-3.2.9/lib/active_support/callbacks.rb:405:in `__run_callback'
/home/ashish/.rvm/gems/ruby-1.9.3-p194/gems/activesupport-3.2.9/lib/active_support/callbacks.rb:385:in `_run_process_action_callbacks'
/home/ashish/.rvm/gems/ruby-1.9.3-p194/gems/activesupport-3.2.9/lib/active_support/callbacks.rb:81:in `run_callbacks'
/home/ashish/.rvm/gems/ruby-1.9.3-p194/gems/actionpack-3.2.9/lib/abstract_controller/callbacks.rb:17:in `process_action'
/home/ashish/.rvm/gems/ruby-1.9.3-p194/gems/actionpack-3.2.9/lib/action_controller/metal/rescue.rb:29:in `process_action'
/home/ashish/.rvm/gems/ruby-1.9.3-p194/gems/actionpack-3.2.9/lib/action_controller/metal/instrumentation.rb:30:in `block in process_action'
/home/ashish/.rvm/gems/ruby-1.9.3-p194/gems/activesupport-3.2.9/lib/active_support/notifications.rb:123:in `block in instrument'
/home/ashish/.rvm/gems/ruby-1.9.3-p194/gems/activesupport-3.2.9/lib/active_support/notifications/instrumenter.rb:20:in `instrument'
/home/ashish/.rvm/gems/ruby-1.9.3-p194/gems/activesupport-3.2.9/lib/active_support/notifications.rb:123:in `instrument'
/home/ashish/.rvm/gems/ruby-1.9.3-p194/gems/actionpack-3.2.9/lib/action_controller/metal/instrumentation.rb:29:in `process_action'
/home/ashish/.rvm/gems/ruby-1.9.3-p194/gems/actionpack-3.2.9/lib/action_controller/metal/params_wrapper.rb:207:in `process_action'
/home/ashish/.rvm/gems/ruby-1.9.3-p194/gems/activerecord-3.2.9/lib/active_record/railties/controller_runtime.rb:18:in `process_action'
/home/ashish/.rvm/gems/ruby-1.9.3-p194/gems/actionpack-3.2.9/lib/abstract_controller/base.rb:121:in `process'
/home/ashish/.rvm/gems/ruby-1.9.3-p194/gems/actionpack-3.2.9/lib/abstract_controller/rendering.rb:45:in `process'
/home/ashish/.rvm/gems/ruby-1.9.3-p194/gems/actionpack-3.2.9/lib/action_controller/metal.rb:203:in `dispatch'
/home/ashish/.rvm/gems/ruby-1.9.3-p194/gems/actionpack-3.2.9/lib/action_controller/metal/rack_delegation.rb:14:in `dispatch'
/home/ashish/.rvm/gems/ruby-1.9.3-p194/gems/actionpack-3.2.9/lib/action_controller/metal.rb:246:in `block in action'
/home/ashish/.rvm/gems/ruby-1.9.3-p194/gems/actionpack-3.2.9/lib/action_dispatch/routing/route_set.rb:73:in `call'
/home/ashish/.rvm/gems/ruby-1.9.3-p194/gems/actionpack-3.2.9/lib/action_dispatch/routing/route_set.rb:73:in `dispatch'
/home/ashish/.rvm/gems/ruby-1.9.3-p194/gems/actionpack-3.2.9/lib/action_dispatch/routing/route_set.rb:36:in `call'
/home/ashish/.rvm/gems/ruby-1.9.3-p194/gems/journey-1.0.4/lib/journey/router.rb:68:in `block in call'
/home/ashish/.rvm/gems/ruby-1.9.3-p194/gems/journey-1.0.4/lib/journey/router.rb:56:in `each'
/home/ashish/.rvm/gems/ruby-1.9.3-p194/gems/journey-1.0.4/lib/journey/router.rb:56:in `call'
/home/ashish/.rvm/gems/ruby-1.9.3-p194/gems/actionpack-3.2.9/lib/action_dispatch/routing/route_set.rb:601:in `call'
/home/ashish/.rvm/gems/ruby-1.9.3-p194/gems/actionpack-3.2.9/lib/action_dispatch/middleware/best_standards_support.rb:17:in `call'
/home/ashish/.rvm/gems/ruby-1.9.3-p194/gems/rack-1.4.1/lib/rack/etag.rb:23:in `call'
/home/ashish/.rvm/gems/ruby-1.9.3-p194/gems/rack-1.4.1/lib/rack/conditionalget.rb:25:in `call'
/home/ashish/.rvm/gems/ruby-1.9.3-p194/gems/actionpack-3.2.9/lib/action_dispatch/middleware/head.rb:14:in `call'
/home/ashish/.rvm/gems/ruby-1.9.3-p194/gems/actionpack-3.2.9/lib/action_dispatch/middleware/params_parser.rb:21:in `call'
/home/ashish/.rvm/gems/ruby-1.9.3-p194/gems/actionpack-3.2.9/lib/action_dispatch/middleware/flash.rb:242:in `call'
/home/ashish/.rvm/gems/ruby-1.9.3-p194/gems/rack-1.4.1/lib/rack/session/abstract/id.rb:205:in `context'
/home/ashish/.rvm/gems/ruby-1.9.3-p194/gems/rack-1.4.1/lib/rack/session/abstract/id.rb:200:in `call'
/home/ashish/.rvm/gems/ruby-1.9.3-p194/gems/actionpack-3.2.9/lib/action_dispatch/middleware/cookies.rb:341:in `call'
/home/ashish/.rvm/gems/ruby-1.9.3-p194/gems/activerecord-3.2.9/lib/active_record/query_cache.rb:64:in `call'
/home/ashish/.rvm/gems/ruby-1.9.3-p194/gems/activerecord-3.2.9/lib/active_record/connection_adapters/abstract/connection_pool.rb:479:in `call'
/home/ashish/.rvm/gems/ruby-1.9.3-p194/gems/actionpack-3.2.9/lib/action_dispatch/middleware/callbacks.rb:28:in `block in call'
/home/ashish/.rvm/gems/ruby-1.9.3-p194/gems/activesupport-3.2.9/lib/active_support/callbacks.rb:405:in `_run__436555398__call__481501063__callbacks'
/home/ashish/.rvm/gems/ruby-1.9.3-p194/gems/activesupport-3.2.9/lib/active_support/callbacks.rb:405:in `__run_callback'
/home/ashish/.rvm/gems/ruby-1.9.3-p194/gems/activesupport-3.2.9/lib/active_support/callbacks.rb:385:in `_run_call_callbacks'
/home/ashish/.rvm/gems/ruby-1.9.3-p194/gems/activesupport-3.2.9/lib/active_support/callbacks.rb:81:in `run_callbacks'
/home/ashish/.rvm/gems/ruby-1.9.3-p194/gems/actionpack-3.2.9/lib/action_dispatch/middleware/callbacks.rb:27:in `call'
/home/ashish/.rvm/gems/ruby-1.9.3-p194/gems/actionpack-3.2.9/lib/action_dispatch/middleware/reloader.rb:65:in `call'
/home/ashish/.rvm/gems/ruby-1.9.3-p194/gems/actionpack-3.2.9/lib/action_dispatch/middleware/remote_ip.rb:31:in `call'
/home/ashish/.rvm/gems/ruby-1.9.3-p194/gems/actionpack-3.2.9/lib/action_dispatch/middleware/debug_exceptions.rb:16:in `call'
/home/ashish/.rvm/gems/ruby-1.9.3-p194/gems/actionpack-3.2.9/lib/action_dispatch/middleware/show_exceptions.rb:56:in `call'
/home/ashish/.rvm/gems/ruby-1.9.3-p194/gems/railties-3.2.9/lib/rails/rack/logger.rb:32:in `call_app'
/home/ashish/.rvm/gems/ruby-1.9.3-p194/gems/railties-3.2.9/lib/rails/rack/logger.rb:16:in `block in call'
/home/ashish/.rvm/gems/ruby-1.9.3-p194/gems/activesupport-3.2.9/lib/active_support/tagged_logging.rb:22:in `tagged'
/home/ashish/.rvm/gems/ruby-1.9.3-p194/gems/railties-3.2.9/lib/rails/rack/logger.rb:16:in `call'
/home/ashish/.rvm/gems/ruby-1.9.3-p194/gems/quiet_assets-1.0.1/lib/quiet_assets.rb:20:in `call_with_quiet_assets'
/home/ashish/.rvm/gems/ruby-1.9.3-p194/gems/actionpack-3.2.9/lib/action_dispatch/middleware/request_id.rb:22:in `call'
/home/ashish/.rvm/gems/ruby-1.9.3-p194/gems/rack-1.4.1/lib/rack/methodoverride.rb:21:in `call'
/home/ashish/.rvm/gems/ruby-1.9.3-p194/gems/rack-1.4.1/lib/rack/runtime.rb:17:in `call'
/home/ashish/.rvm/gems/ruby-1.9.3-p194/gems/activesupport-3.2.9/lib/active_support/cache/strategy/local_cache.rb:72:in `call'
/home/ashish/.rvm/gems/ruby-1.9.3-p194/gems/rack-1.4.1/lib/rack/lock.rb:15:in `call'
/home/ashish/.rvm/gems/ruby-1.9.3-p194/gems/actionpack-3.2.9/lib/action_dispatch/middleware/static.rb:62:in `call'
/home/ashish/.rvm/gems/ruby-1.9.3-p194/gems/railties-3.2.9/lib/rails/engine.rb:479:in `call'
/home/ashish/.rvm/gems/ruby-1.9.3-p194/gems/railties-3.2.9/lib/rails/application.rb:223:in `call'
/home/ashish/.rvm/gems/ruby-1.9.3-p194/gems/rack-1.4.1/lib/rack/content_length.rb:14:in `call'
/home/ashish/.rvm/gems/ruby-1.9.3-p194/gems/railties-3.2.9/lib/rails/rack/log_tailer.rb:17:in `call'
/home/ashish/.rvm/gems/ruby-1.9.3-p194/gems/thin-1.5.0/lib/thin/connection.rb:81:in `block in pre_process'
/home/ashish/.rvm/gems/ruby-1.9.3-p194/gems/thin-1.5.0/lib/thin/connection.rb:79:in `catch'
/home/ashish/.rvm/gems/ruby-1.9.3-p194/gems/thin-1.5.0/lib/thin/connection.rb:79:in `pre_process'
/home/ashish/.rvm/gems/ruby-1.9.3-p194/gems/thin-1.5.0/lib/thin/connection.rb:54:in `process'
/home/ashish/.rvm/gems/ruby-1.9.3-p194/gems/thin-1.5.0/lib/thin/connection.rb:39:in `receive_data'
/home/ashish/.rvm/gems/ruby-1.9.3-p194/gems/eventmachine-1.0.0/lib/eventmachine.rb:187:in `run_machine'
/home/ashish/.rvm/gems/ruby-1.9.3-p194/gems/eventmachine-1.0.0/lib/eventmachine.rb:187:in `run'
/home/ashish/.rvm/gems/ruby-1.9.3-p194/gems/thin-1.5.0/lib/thin/backends/base.rb:63:in `start'
/home/ashish/.rvm/gems/ruby-1.9.3-p194/gems/thin-1.5.0/lib/thin/server.rb:159:in `start'
/home/ashish/.rvm/gems/ruby-1.9.3-p194/gems/rack-1.4.1/lib/rack/handler/thin.rb:13:in `run'
/home/ashish/.rvm/gems/ruby-1.9.3-p194/gems/rack-1.4.1/lib/rack/server.rb:265:in `start'
/home/ashish/.rvm/gems/ruby-1.9.3-p194/gems/railties-3.2.9/lib/rails/commands/server.rb:70:in `start'
/home/ashish/.rvm/gems/ruby-1.9.3-p194/gems/railties-3.2.9/lib/rails/commands.rb:55:in `block in <top (required)>'
/home/ashish/.rvm/gems/ruby-1.9.3-p194/gems/railties-3.2.9/lib/rails/commands.rb:50:in `tap'
/home/ashish/.rvm/gems/ruby-1.9.3-p194/gems/railties-3.2.9/lib/rails/commands.rb:50:in `<top (required)>'
script/rails:6:in `require'
script/rails:6:in `<main>'
  Rendered guests/_form.html.erb (1.8ms)
  Rendered guests/new.html.erb within layouts/application (2.9ms)
Completed 500 Internal Server Error in 8ms

ActionView::Template::Error (/home/ashish/workspace/jashn2012/app/views/guests/_form.html.erb:12: syntax error, unexpected ':', expecting ')'
...utton :sex, "male", :required : 'required'  );@output_buffer...
...                               ^
/home/ashish/workspace/jashn2012/app/views/guests/_form.html.erb:13: syntax error, unexpected ':', expecting ')'
...ton :sex, "female", :required : 'required'  );@output_buffer...
...                               ^):
    9: <%= f.phone_field :cell_num , :pattern=>"[0-9]{10}", :title=>'Phone Number 10 Digit',:placeholder => 'Mobile No', :required => true%></br>
    10: 
    11: <label class="Radio">
    12: 	<%= f.radio_button :sex, "male", :required : 'required'  %> Male
    13: 	<%= f.radio_button :sex, "female", :required : 'required'  %> Female
    14: </label>
    15: 
  app/views/guests/new.html.erb:4:in `_app_views_guests_new_html_erb__377639929_73923240'
  app/controllers/guests_controller.rb:32:in `new'


  Rendered /home/ashish/.rvm/gems/ruby-1.9.3-p194/gems/actionpack-3.2.9/lib/action_dispatch/middleware/templates/rescues/_trace.erb (3.0ms)
  Rendered /home/ashish/.rvm/gems/ruby-1.9.3-p194/gems/actionpack-3.2.9/lib/action_dispatch/middleware/templates/rescues/_request_and_response.erb (1.9ms)
  Rendered /home/ashish/.rvm/gems/ruby-1.9.3-p194/gems/actionpack-3.2.9/lib/action_dispatch/middleware/templates/rescues/template_error.erb within rescues/layout (16.4ms)


Started GET "/" for 127.0.0.1 at 2012-12-09 00:41:59 +0530
Processing by GuestsController#new as HTML
  [1m[35mGuest Load (0.1ms)[0m  SELECT `guests`.* FROM `guests` 
ERROR: compiling _app_views_guests__form_html_erb___334469049_80330250 RAISED /home/ashish/workspace/jashn2012/app/views/guests/_form.html.erb:12: syntax error, unexpected ':', expecting ')'
...utton :sex, "male", :required : 'required'  );@output_buffer...
...                               ^
/home/ashish/workspace/jashn2012/app/views/guests/_form.html.erb:13: syntax error, unexpected ':', expecting ')'
...ton :sex, "female", :required : 'required'  );@output_buffer...
...                               ^
Function body:           def _app_views_guests__form_html_erb___334469049_80330250(local_assigns, output_buffer)
            _old_virtual_path, @virtual_path = @virtual_path, "guests/_form";_old_output_buffer = @output_buffer;form = local_assigns[:form];;@output_buffer = output_buffer || ActionView::OutputBuffer.new;@output_buffer.append=  form_for @guest  do |f| @output_buffer.safe_concat('
'); unless @guest.errors.full_messages.blank? 
@output_buffer.safe_concat('<div class="alert alert-error">
	');@output_buffer.append= ( formatted_message @guest.errors.full_messages );@output_buffer.safe_concat(' <i class=\'icon-off\'></i>
</div>
');end
@output_buffer.append= ( f.text_field :name ,:size => 50,:placeholder => 'Name', :required => true);@output_buffer.safe_concat(' </br>

');@output_buffer.append= ( f.phone_field :cell_num , :pattern=>"[0-9]{10}", :title=>'Phone Number 10 Digit',:placeholder => 'Mobile No', :required => true);@output_buffer.safe_concat('</br>

<label class="Radio">
	');@output_buffer.append= ( f.radio_button :sex, "male", :required : 'required'  );@output_buffer.safe_concat(' Male
	');@output_buffer.append= ( f.radio_button :sex, "female", :required : 'required'  );@output_buffer.safe_concat(' Female
</label>

<label class="checkbox">
	');@output_buffer.append= ( f.check_box :attending);@output_buffer.safe_concat(' Attending ?
</label>

');@output_buffer.append= ( f.submit 'Register',:class => 'btn btn-warning');@output_buffer.safe_concat('
'); end 
@output_buffer.safe_concat('
');@output_buffer.to_s
          ensure
            @virtual_path, @output_buffer = _old_virtual_path, _old_output_buffer
          end

Backtrace: /home/ashish/.rvm/gems/ruby-1.9.3-p194/gems/actionpack-3.2.9/lib/action_view/template.rb:297:in `module_eval'
/home/ashish/.rvm/gems/ruby-1.9.3-p194/gems/actionpack-3.2.9/lib/action_view/template.rb:297:in `compile'
/home/ashish/.rvm/gems/ruby-1.9.3-p194/gems/actionpack-3.2.9/lib/action_view/template.rb:244:in `block in compile!'
<internal:prelude>:10:in `synchronize'
/home/ashish/.rvm/gems/ruby-1.9.3-p194/gems/actionpack-3.2.9/lib/action_view/template.rb:232:in `compile!'
/home/ashish/.rvm/gems/ruby-1.9.3-p194/gems/actionpack-3.2.9/lib/action_view/template.rb:144:in `block in render'
/home/ashish/.rvm/gems/ruby-1.9.3-p194/gems/activesupport-3.2.9/lib/active_support/notifications.rb:125:in `instrument'
/home/ashish/.rvm/gems/ruby-1.9.3-p194/gems/actionpack-3.2.9/lib/action_view/template.rb:143:in `render'
/home/ashish/.rvm/gems/ruby-1.9.3-p194/gems/actionpack-3.2.9/lib/action_view/renderer/partial_renderer.rb:265:in `render_partial'
/home/ashish/.rvm/gems/ruby-1.9.3-p194/gems/actionpack-3.2.9/lib/action_view/renderer/partial_renderer.rb:238:in `block in render'
/home/ashish/.rvm/gems/ruby-1.9.3-p194/gems/actionpack-3.2.9/lib/action_view/renderer/abstract_renderer.rb:38:in `block in instrument'
/home/ashish/.rvm/gems/ruby-1.9.3-p194/gems/activesupport-3.2.9/lib/active_support/notifications.rb:123:in `block in instrument'
/home/ashish/.rvm/gems/ruby-1.9.3-p194/gems/activesupport-3.2.9/lib/active_support/notifications/instrumenter.rb:20:in `instrument'
/home/ashish/.rvm/gems/ruby-1.9.3-p194/gems/activesupport-3.2.9/lib/active_support/notifications.rb:123:in `instrument'
/home/ashish/.rvm/gems/ruby-1.9.3-p194/gems/actionpack-3.2.9/lib/action_view/renderer/abstract_renderer.rb:38:in `instrument'
/home/ashish/.rvm/gems/ruby-1.9.3-p194/gems/actionpack-3.2.9/lib/action_view/renderer/partial_renderer.rb:237:in `render'
/home/ashish/.rvm/gems/ruby-1.9.3-p194/gems/actionpack-3.2.9/lib/action_view/renderer/renderer.rb:41:in `render_partial'
/home/ashish/.rvm/gems/ruby-1.9.3-p194/gems/actionpack-3.2.9/lib/action_view/helpers/rendering_helper.rb:27:in `render'
/home/ashish/workspace/jashn2012/app/views/guests/new.html.erb:4:in `_app_views_guests_new_html_erb__377639929_73923240'
/home/ashish/.rvm/gems/ruby-1.9.3-p194/gems/actionpack-3.2.9/lib/action_view/template.rb:145:in `block in render'
/home/ashish/.rvm/gems/ruby-1.9.3-p194/gems/activesupport-3.2.9/lib/active_support/notifications.rb:125:in `instrument'
/home/ashish/.rvm/gems/ruby-1.9.3-p194/gems/actionpack-3.2.9/lib/action_view/template.rb:143:in `render'
/home/ashish/.rvm/gems/ruby-1.9.3-p194/gems/actionpack-3.2.9/lib/action_view/renderer/template_renderer.rb:47:in `block (2 levels) in render_template'
/home/ashish/.rvm/gems/ruby-1.9.3-p194/gems/actionpack-3.2.9/lib/action_view/renderer/abstract_renderer.rb:38:in `block in instrument'
/home/ashish/.rvm/gems/ruby-1.9.3-p194/gems/activesupport-3.2.9/lib/active_support/notifications.rb:123:in `block in instrument'
/home/ashish/.rvm/gems/ruby-1.9.3-p194/gems/activesupport-3.2.9/lib/active_support/notifications/instrumenter.rb:20:in `instrument'
/home/ashish/.rvm/gems/ruby-1.9.3-p194/gems/activesupport-3.2.9/lib/active_support/notifications.rb:123:in `instrument'
/home/ashish/.rvm/gems/ruby-1.9.3-p194/gems/actionpack-3.2.9/lib/action_view/renderer/abstract_renderer.rb:38:in `instrument'
/home/ashish/.rvm/gems/ruby-1.9.3-p194/gems/actionpack-3.2.9/lib/action_view/renderer/template_renderer.rb:46:in `block in render_template'
/home/ashish/.rvm/gems/ruby-1.9.3-p194/gems/actionpack-3.2.9/lib/action_view/renderer/template_renderer.rb:54:in `render_with_layout'
/home/ashish/.rvm/gems/ruby-1.9.3-p194/gems/actionpack-3.2.9/lib/action_view/renderer/template_renderer.rb:45:in `render_template'
/home/ashish/.rvm/gems/ruby-1.9.3-p194/gems/actionpack-3.2.9/lib/action_view/renderer/template_renderer.rb:18:in `render'
/home/ashish/.rvm/gems/ruby-1.9.3-p194/gems/actionpack-3.2.9/lib/action_view/renderer/renderer.rb:36:in `render_template'
/home/ashish/.rvm/gems/ruby-1.9.3-p194/gems/actionpack-3.2.9/lib/action_view/renderer/renderer.rb:17:in `render'
/home/ashish/.rvm/gems/ruby-1.9.3-p194/gems/actionpack-3.2.9/lib/abstract_controller/rendering.rb:110:in `_render_template'
/home/ashish/.rvm/gems/ruby-1.9.3-p194/gems/actionpack-3.2.9/lib/action_controller/metal/streaming.rb:225:in `_render_template'
/home/ashish/.rvm/gems/ruby-1.9.3-p194/gems/actionpack-3.2.9/lib/abstract_controller/rendering.rb:103:in `render_to_body'
/home/ashish/.rvm/gems/ruby-1.9.3-p194/gems/actionpack-3.2.9/lib/action_controller/metal/renderers.rb:28:in `render_to_body'
/home/ashish/.rvm/gems/ruby-1.9.3-p194/gems/actionpack-3.2.9/lib/action_controller/metal/compatibility.rb:50:in `render_to_body'
/home/ashish/.rvm/gems/ruby-1.9.3-p194/gems/actionpack-3.2.9/lib/abstract_controller/rendering.rb:88:in `render'
/home/ashish/.rvm/gems/ruby-1.9.3-p194/gems/actionpack-3.2.9/lib/action_controller/metal/rendering.rb:16:in `render'
/home/ashish/.rvm/gems/ruby-1.9.3-p194/gems/actionpack-3.2.9/lib/action_controller/metal/instrumentation.rb:40:in `block (2 levels) in render'
/home/ashish/.rvm/gems/ruby-1.9.3-p194/gems/activesupport-3.2.9/lib/active_support/core_ext/benchmark.rb:5:in `block in ms'
/home/ashish/.rvm/rubies/ruby-1.9.3-p194/lib/ruby/1.9.1/benchmark.rb:295:in `realtime'
/home/ashish/.rvm/gems/ruby-1.9.3-p194/gems/activesupport-3.2.9/lib/active_support/core_ext/benchmark.rb:5:in `ms'
/home/ashish/.rvm/gems/ruby-1.9.3-p194/gems/actionpack-3.2.9/lib/action_controller/metal/instrumentation.rb:40:in `block in render'
/home/ashish/.rvm/gems/ruby-1.9.3-p194/gems/actionpack-3.2.9/lib/action_controller/metal/instrumentation.rb:83:in `cleanup_view_runtime'
/home/ashish/.rvm/gems/ruby-1.9.3-p194/gems/activerecord-3.2.9/lib/active_record/railties/controller_runtime.rb:24:in `cleanup_view_runtime'
/home/ashish/.rvm/gems/ruby-1.9.3-p194/gems/actionpack-3.2.9/lib/action_controller/metal/instrumentation.rb:39:in `render'
/home/ashish/.rvm/gems/ruby-1.9.3-p194/gems/actionpack-3.2.9/lib/action_controller/metal/implicit_render.rb:10:in `default_render'
/home/ashish/.rvm/gems/ruby-1.9.3-p194/gems/actionpack-3.2.9/lib/action_controller/metal/mime_responds.rb:196:in `respond_to'
/home/ashish/workspace/jashn2012/app/controllers/guests_controller.rb:32:in `new'
/home/ashish/.rvm/gems/ruby-1.9.3-p194/gems/actionpack-3.2.9/lib/action_controller/metal/implicit_render.rb:4:in `send_action'
/home/ashish/.rvm/gems/ruby-1.9.3-p194/gems/actionpack-3.2.9/lib/abstract_controller/base.rb:167:in `process_action'
/home/ashish/.rvm/gems/ruby-1.9.3-p194/gems/actionpack-3.2.9/lib/action_controller/metal/rendering.rb:10:in `process_action'
/home/ashish/.rvm/gems/ruby-1.9.3-p194/gems/actionpack-3.2.9/lib/abstract_controller/callbacks.rb:18:in `block in process_action'
/home/ashish/.rvm/gems/ruby-1.9.3-p194/gems/activesupport-3.2.9/lib/active_support/callbacks.rb:414:in `_run__525953541__process_action__365140938__callbacks'
/home/ashish/.rvm/gems/ruby-1.9.3-p194/gems/activesupport-3.2.9/lib/active_support/callbacks.rb:405:in `__run_callback'
/home/ashish/.rvm/gems/ruby-1.9.3-p194/gems/activesupport-3.2.9/lib/active_support/callbacks.rb:385:in `_run_process_action_callbacks'
/home/ashish/.rvm/gems/ruby-1.9.3-p194/gems/activesupport-3.2.9/lib/active_support/callbacks.rb:81:in `run_callbacks'
/home/ashish/.rvm/gems/ruby-1.9.3-p194/gems/actionpack-3.2.9/lib/abstract_controller/callbacks.rb:17:in `process_action'
/home/ashish/.rvm/gems/ruby-1.9.3-p194/gems/actionpack-3.2.9/lib/action_controller/metal/rescue.rb:29:in `process_action'
/home/ashish/.rvm/gems/ruby-1.9.3-p194/gems/actionpack-3.2.9/lib/action_controller/metal/instrumentation.rb:30:in `block in process_action'
/home/ashish/.rvm/gems/ruby-1.9.3-p194/gems/activesupport-3.2.9/lib/active_support/notifications.rb:123:in `block in instrument'
/home/ashish/.rvm/gems/ruby-1.9.3-p194/gems/activesupport-3.2.9/lib/active_support/notifications/instrumenter.rb:20:in `instrument'
/home/ashish/.rvm/gems/ruby-1.9.3-p194/gems/activesupport-3.2.9/lib/active_support/notifications.rb:123:in `instrument'
/home/ashish/.rvm/gems/ruby-1.9.3-p194/gems/actionpack-3.2.9/lib/action_controller/metal/instrumentation.rb:29:in `process_action'
/home/ashish/.rvm/gems/ruby-1.9.3-p194/gems/actionpack-3.2.9/lib/action_controller/metal/params_wrapper.rb:207:in `process_action'
/home/ashish/.rvm/gems/ruby-1.9.3-p194/gems/activerecord-3.2.9/lib/active_record/railties/controller_runtime.rb:18:in `process_action'
/home/ashish/.rvm/gems/ruby-1.9.3-p194/gems/actionpack-3.2.9/lib/abstract_controller/base.rb:121:in `process'
/home/ashish/.rvm/gems/ruby-1.9.3-p194/gems/actionpack-3.2.9/lib/abstract_controller/rendering.rb:45:in `process'
/home/ashish/.rvm/gems/ruby-1.9.3-p194/gems/actionpack-3.2.9/lib/action_controller/metal.rb:203:in `dispatch'
/home/ashish/.rvm/gems/ruby-1.9.3-p194/gems/actionpack-3.2.9/lib/action_controller/metal/rack_delegation.rb:14:in `dispatch'
/home/ashish/.rvm/gems/ruby-1.9.3-p194/gems/actionpack-3.2.9/lib/action_controller/metal.rb:246:in `block in action'
/home/ashish/.rvm/gems/ruby-1.9.3-p194/gems/actionpack-3.2.9/lib/action_dispatch/routing/route_set.rb:73:in `call'
/home/ashish/.rvm/gems/ruby-1.9.3-p194/gems/actionpack-3.2.9/lib/action_dispatch/routing/route_set.rb:73:in `dispatch'
/home/ashish/.rvm/gems/ruby-1.9.3-p194/gems/actionpack-3.2.9/lib/action_dispatch/routing/route_set.rb:36:in `call'
/home/ashish/.rvm/gems/ruby-1.9.3-p194/gems/journey-1.0.4/lib/journey/router.rb:68:in `block in call'
/home/ashish/.rvm/gems/ruby-1.9.3-p194/gems/journey-1.0.4/lib/journey/router.rb:56:in `each'
/home/ashish/.rvm/gems/ruby-1.9.3-p194/gems/journey-1.0.4/lib/journey/router.rb:56:in `call'
/home/ashish/.rvm/gems/ruby-1.9.3-p194/gems/actionpack-3.2.9/lib/action_dispatch/routing/route_set.rb:601:in `call'
/home/ashish/.rvm/gems/ruby-1.9.3-p194/gems/actionpack-3.2.9/lib/action_dispatch/middleware/best_standards_support.rb:17:in `call'
/home/ashish/.rvm/gems/ruby-1.9.3-p194/gems/rack-1.4.1/lib/rack/etag.rb:23:in `call'
/home/ashish/.rvm/gems/ruby-1.9.3-p194/gems/rack-1.4.1/lib/rack/conditionalget.rb:25:in `call'
/home/ashish/.rvm/gems/ruby-1.9.3-p194/gems/actionpack-3.2.9/lib/action_dispatch/middleware/head.rb:14:in `call'
/home/ashish/.rvm/gems/ruby-1.9.3-p194/gems/actionpack-3.2.9/lib/action_dispatch/middleware/params_parser.rb:21:in `call'
/home/ashish/.rvm/gems/ruby-1.9.3-p194/gems/actionpack-3.2.9/lib/action_dispatch/middleware/flash.rb:242:in `call'
/home/ashish/.rvm/gems/ruby-1.9.3-p194/gems/rack-1.4.1/lib/rack/session/abstract/id.rb:205:in `context'
/home/ashish/.rvm/gems/ruby-1.9.3-p194/gems/rack-1.4.1/lib/rack/session/abstract/id.rb:200:in `call'
/home/ashish/.rvm/gems/ruby-1.9.3-p194/gems/actionpack-3.2.9/lib/action_dispatch/middleware/cookies.rb:341:in `call'
/home/ashish/.rvm/gems/ruby-1.9.3-p194/gems/activerecord-3.2.9/lib/active_record/query_cache.rb:64:in `call'
/home/ashish/.rvm/gems/ruby-1.9.3-p194/gems/activerecord-3.2.9/lib/active_record/connection_adapters/abstract/connection_pool.rb:479:in `call'
/home/ashish/.rvm/gems/ruby-1.9.3-p194/gems/actionpack-3.2.9/lib/action_dispatch/middleware/callbacks.rb:28:in `block in call'
/home/ashish/.rvm/gems/ruby-1.9.3-p194/gems/activesupport-3.2.9/lib/active_support/callbacks.rb:405:in `_run__436555398__call__481501063__callbacks'
/home/ashish/.rvm/gems/ruby-1.9.3-p194/gems/activesupport-3.2.9/lib/active_support/callbacks.rb:405:in `__run_callback'
/home/ashish/.rvm/gems/ruby-1.9.3-p194/gems/activesupport-3.2.9/lib/active_support/callbacks.rb:385:in `_run_call_callbacks'
/home/ashish/.rvm/gems/ruby-1.9.3-p194/gems/activesupport-3.2.9/lib/active_support/callbacks.rb:81:in `run_callbacks'
/home/ashish/.rvm/gems/ruby-1.9.3-p194/gems/actionpack-3.2.9/lib/action_dispatch/middleware/callbacks.rb:27:in `call'
/home/ashish/.rvm/gems/ruby-1.9.3-p194/gems/actionpack-3.2.9/lib/action_dispatch/middleware/reloader.rb:65:in `call'
/home/ashish/.rvm/gems/ruby-1.9.3-p194/gems/actionpack-3.2.9/lib/action_dispatch/middleware/remote_ip.rb:31:in `call'
/home/ashish/.rvm/gems/ruby-1.9.3-p194/gems/actionpack-3.2.9/lib/action_dispatch/middleware/debug_exceptions.rb:16:in `call'
/home/ashish/.rvm/gems/ruby-1.9.3-p194/gems/actionpack-3.2.9/lib/action_dispatch/middleware/show_exceptions.rb:56:in `call'
/home/ashish/.rvm/gems/ruby-1.9.3-p194/gems/railties-3.2.9/lib/rails/rack/logger.rb:32:in `call_app'
/home/ashish/.rvm/gems/ruby-1.9.3-p194/gems/railties-3.2.9/lib/rails/rack/logger.rb:16:in `block in call'
/home/ashish/.rvm/gems/ruby-1.9.3-p194/gems/activesupport-3.2.9/lib/active_support/tagged_logging.rb:22:in `tagged'
/home/ashish/.rvm/gems/ruby-1.9.3-p194/gems/railties-3.2.9/lib/rails/rack/logger.rb:16:in `call'
/home/ashish/.rvm/gems/ruby-1.9.3-p194/gems/quiet_assets-1.0.1/lib/quiet_assets.rb:20:in `call_with_quiet_assets'
/home/ashish/.rvm/gems/ruby-1.9.3-p194/gems/actionpack-3.2.9/lib/action_dispatch/middleware/request_id.rb:22:in `call'
/home/ashish/.rvm/gems/ruby-1.9.3-p194/gems/rack-1.4.1/lib/rack/methodoverride.rb:21:in `call'
/home/ashish/.rvm/gems/ruby-1.9.3-p194/gems/rack-1.4.1/lib/rack/runtime.rb:17:in `call'
/home/ashish/.rvm/gems/ruby-1.9.3-p194/gems/activesupport-3.2.9/lib/active_support/cache/strategy/local_cache.rb:72:in `call'
/home/ashish/.rvm/gems/ruby-1.9.3-p194/gems/rack-1.4.1/lib/rack/lock.rb:15:in `call'
/home/ashish/.rvm/gems/ruby-1.9.3-p194/gems/actionpack-3.2.9/lib/action_dispatch/middleware/static.rb:62:in `call'
/home/ashish/.rvm/gems/ruby-1.9.3-p194/gems/railties-3.2.9/lib/rails/engine.rb:479:in `call'
/home/ashish/.rvm/gems/ruby-1.9.3-p194/gems/railties-3.2.9/lib/rails/application.rb:223:in `call'
/home/ashish/.rvm/gems/ruby-1.9.3-p194/gems/rack-1.4.1/lib/rack/content_length.rb:14:in `call'
/home/ashish/.rvm/gems/ruby-1.9.3-p194/gems/railties-3.2.9/lib/rails/rack/log_tailer.rb:17:in `call'
/home/ashish/.rvm/gems/ruby-1.9.3-p194/gems/thin-1.5.0/lib/thin/connection.rb:81:in `block in pre_process'
/home/ashish/.rvm/gems/ruby-1.9.3-p194/gems/thin-1.5.0/lib/thin/connection.rb:79:in `catch'
/home/ashish/.rvm/gems/ruby-1.9.3-p194/gems/thin-1.5.0/lib/thin/connection.rb:79:in `pre_process'
/home/ashish/.rvm/gems/ruby-1.9.3-p194/gems/thin-1.5.0/lib/thin/connection.rb:54:in `process'
/home/ashish/.rvm/gems/ruby-1.9.3-p194/gems/thin-1.5.0/lib/thin/connection.rb:39:in `receive_data'
/home/ashish/.rvm/gems/ruby-1.9.3-p194/gems/eventmachine-1.0.0/lib/eventmachine.rb:187:in `run_machine'
/home/ashish/.rvm/gems/ruby-1.9.3-p194/gems/eventmachine-1.0.0/lib/eventmachine.rb:187:in `run'
/home/ashish/.rvm/gems/ruby-1.9.3-p194/gems/thin-1.5.0/lib/thin/backends/base.rb:63:in `start'
/home/ashish/.rvm/gems/ruby-1.9.3-p194/gems/thin-1.5.0/lib/thin/server.rb:159:in `start'
/home/ashish/.rvm/gems/ruby-1.9.3-p194/gems/rack-1.4.1/lib/rack/handler/thin.rb:13:in `run'
/home/ashish/.rvm/gems/ruby-1.9.3-p194/gems/rack-1.4.1/lib/rack/server.rb:265:in `start'
/home/ashish/.rvm/gems/ruby-1.9.3-p194/gems/railties-3.2.9/lib/rails/commands/server.rb:70:in `start'
/home/ashish/.rvm/gems/ruby-1.9.3-p194/gems/railties-3.2.9/lib/rails/commands.rb:55:in `block in <top (required)>'
/home/ashish/.rvm/gems/ruby-1.9.3-p194/gems/railties-3.2.9/lib/rails/commands.rb:50:in `tap'
/home/ashish/.rvm/gems/ruby-1.9.3-p194/gems/railties-3.2.9/lib/rails/commands.rb:50:in `<top (required)>'
script/rails:6:in `require'
script/rails:6:in `<main>'
  Rendered guests/_form.html.erb (2.7ms)
  Rendered guests/new.html.erb within layouts/application (4.0ms)
Completed 500 Internal Server Error in 9ms

ActionView::Template::Error (/home/ashish/workspace/jashn2012/app/views/guests/_form.html.erb:12: syntax error, unexpected ':', expecting ')'
...utton :sex, "male", :required : 'required'  );@output_buffer...
...                               ^
/home/ashish/workspace/jashn2012/app/views/guests/_form.html.erb:13: syntax error, unexpected ':', expecting ')'
...ton :sex, "female", :required : 'required'  );@output_buffer...
...                               ^):
    9: <%= f.phone_field :cell_num , :pattern=>"[0-9]{10}", :title=>'Phone Number 10 Digit',:placeholder => 'Mobile No', :required => true%></br>
    10: 
    11: <label class="Radio">
    12: 	<%= f.radio_button :sex, "male", :required : 'required'  %> Male
    13: 	<%= f.radio_button :sex, "female", :required : 'required'  %> Female
    14: </label>
    15: 
  app/views/guests/new.html.erb:4:in `_app_views_guests_new_html_erb__377639929_73923240'
  app/controllers/guests_controller.rb:32:in `new'


  Rendered /home/ashish/.rvm/gems/ruby-1.9.3-p194/gems/actionpack-3.2.9/lib/action_dispatch/middleware/templates/rescues/_trace.erb (2.5ms)
  Rendered /home/ashish/.rvm/gems/ruby-1.9.3-p194/gems/actionpack-3.2.9/lib/action_dispatch/middleware/templates/rescues/_request_and_response.erb (1.7ms)
  Rendered /home/ashish/.rvm/gems/ruby-1.9.3-p194/gems/actionpack-3.2.9/lib/action_dispatch/middleware/templates/rescues/template_error.erb within rescues/layout (14.2ms)


Started GET "/" for 127.0.0.1 at 2012-12-09 00:42:08 +0530
Processing by GuestsController#new as HTML
  [1m[36mGuest Load (0.4ms)[0m  [1mSELECT `guests`.* FROM `guests` [0m
  Rendered guests/_form.html.erb (4.2ms)
  Rendered guests/new.html.erb within layouts/application (5.1ms)
  Rendered shared/_top_carousel.html.erb (0.8ms)
  [1m[35mCACHE (0.0ms)[0m  SELECT `guests`.* FROM `guests` 
  Rendered shared/_attendee.html.erb (3.9ms)
  Rendered shared/_footer.html.erb (0.3ms)
  Rendered shared/_attending.html.erb (0.3ms)
  Rendered shared/_attending_list.html.erb (0.9ms)
  Rendered shared/_right_panel.html.erb (7.1ms)
Completed 200 OK in 34ms (Views: 27.2ms | ActiveRecord: 0.4ms)


Started POST "/guests" for 127.0.0.1 at 2012-12-09 00:42:24 +0530
Processing by GuestsController#create as HTML
  Parameters: {"utf8"=>"✓", "authenticity_token"=>"Qo33P3cNdw0Jt9MDGGP+mGJTXGqlHVZcaqXslT/4cGo=", "guest"=>{"name"=>"sdsads", "cell_num"=>"2132132233", "sex"=>"male", "attending"=>"0"}, "commit"=>"Register"}
  [1m[36m (0.1ms)[0m  [1mBEGIN[0m
  [1m[35mSQL (18.9ms)[0m  INSERT INTO `guests` (`attending`, `cell_num`, `created_at`, `name`, `sex`, `updated_at`) VALUES (0, '2132132233', '2012-12-08 19:12:24', 'sdsads', 'male', '2012-12-08 19:12:24')
  [1m[36m (40.1ms)[0m  [1mCOMMIT[0m
Redirected to http://localhost:3000/guests/13
Completed 302 Found in 64ms (ActiveRecord: 59.1ms)


Started GET "/guests/13" for 127.0.0.1 at 2012-12-09 00:42:25 +0530
Processing by GuestsController#show as HTML
  Parameters: {"id"=>"13"}
  [1m[35mGuest Load (0.5ms)[0m  SELECT `guests`.* FROM `guests` WHERE `guests`.`id` = 13 LIMIT 1
  [1m[36mGuest Load (0.3ms)[0m  [1mSELECT `guests`.* FROM `guests` [0m
  Rendered guests/show.html.erb within layouts/application (0.1ms)
  Rendered shared/_top_carousel.html.erb (0.9ms)
  [1m[35mCACHE (0.0ms)[0m  SELECT `guests`.* FROM `guests` 
  Rendered shared/_attendee.html.erb (4.2ms)
  Rendered shared/_footer.html.erb (0.4ms)
  Rendered shared/_attending.html.erb (0.3ms)
  Rendered shared/_attending_list.html.erb (1.4ms)
  Rendered shared/_right_panel.html.erb (9.0ms)
Completed 200 OK in 30ms (Views: 24.8ms | ActiveRecord: 0.9ms)


Started GET "/" for 127.0.0.1 at 2012-12-09 00:42:37 +0530
Processing by GuestsController#new as HTML
  [1m[36mGuest Load (0.2ms)[0m  [1mSELECT `guests`.* FROM `guests` [0m
  Rendered guests/_form.html.erb (4.0ms)
  Rendered guests/new.html.erb within layouts/application (4.9ms)
  Rendered shared/_top_carousel.html.erb (0.9ms)
  [1m[35mCACHE (0.0ms)[0m  SELECT `guests`.* FROM `guests` 
  Rendered shared/_attendee.html.erb (4.2ms)
  Rendered shared/_footer.html.erb (0.3ms)
  Rendered shared/_attending.html.erb (0.4ms)
  Rendered shared/_attending_list.html.erb (1.1ms)
  Rendered shared/_right_panel.html.erb (7.5ms)
Completed 200 OK in 30ms (Views: 27.2ms | ActiveRecord: 0.2ms)


Started GET "/" for 127.0.0.1 at 2012-12-09 00:42:44 +0530
Processing by GuestsController#new as HTML
  [1m[36mGuest Load (0.2ms)[0m  [1mSELECT `guests`.* FROM `guests` [0m
  Rendered guests/_form.html.erb (2.9ms)
  Rendered guests/new.html.erb within layouts/application (3.8ms)
  Rendered shared/_top_carousel.html.erb (1.0ms)
  [1m[35mCACHE (0.0ms)[0m  SELECT `guests`.* FROM `guests` 
  Rendered shared/_attendee.html.erb (3.9ms)
  Rendered shared/_footer.html.erb (0.3ms)
  Rendered shared/_attending.html.erb (0.3ms)
  Rendered shared/_attending_list.html.erb (1.0ms)
  Rendered shared/_right_panel.html.erb (7.4ms)
Completed 200 OK in 30ms (Views: 26.8ms | ActiveRecord: 0.2ms)


Started GET "/" for 127.0.0.1 at 2012-12-09 00:44:48 +0530
Processing by GuestsController#new as HTML
  [1m[36mGuest Load (0.2ms)[0m  [1mSELECT `guests`.* FROM `guests` [0m
  Rendered guests/_form.html.erb (4.1ms)
  Rendered guests/new.html.erb within layouts/application (5.2ms)
  Rendered shared/_top_carousel.html.erb (1.0ms)
  [1m[35mCACHE (0.0ms)[0m  SELECT `guests`.* FROM `guests` 
  Rendered shared/_attendee.html.erb (4.6ms)
  Rendered shared/_footer.html.erb (0.3ms)
  Rendered shared/_attending.html.erb (0.3ms)
  Rendered shared/_attending_list.html.erb (1.1ms)
  Rendered shared/_right_panel.html.erb (8.4ms)
Completed 200 OK in 35ms (Views: 31.6ms | ActiveRecord: 0.2ms)


Started GET "/" for 127.0.0.1 at 2012-12-09 00:45:00 +0530
Processing by GuestsController#new as HTML
  [1m[36mGuest Load (0.1ms)[0m  [1mSELECT `guests`.* FROM `guests` [0m
  Rendered guests/_form.html.erb (4.1ms)
  Rendered guests/new.html.erb within layouts/application (5.3ms)
  Rendered shared/_top_carousel.html.erb (1.1ms)
  [1m[35mCACHE (0.0ms)[0m  SELECT `guests`.* FROM `guests` 
  Rendered shared/_attendee.html.erb (4.7ms)
  Rendered shared/_footer.html.erb (0.3ms)
  Rendered shared/_attending.html.erb (0.3ms)
  Rendered shared/_attending_list.html.erb (0.9ms)
  Rendered shared/_right_panel.html.erb (8.2ms)
Completed 200 OK in 33ms (Views: 29.9ms | ActiveRecord: 0.1ms)


Started POST "/guests" for 127.0.0.1 at 2012-12-09 00:52:09 +0530
Processing by GuestsController#create as HTML
  Parameters: {"utf8"=>"✓", "authenticity_token"=>"Qo33P3cNdw0Jt9MDGGP+mGJTXGqlHVZcaqXslT/4cGo=", "guest"=>{"name"=>"rajuuuu", "cell_num"=>"9999999999", "sex"=>"male", "attending"=>"1"}, "commit"=>"Register"}
  [1m[36m (0.1ms)[0m  [1mBEGIN[0m
  [1m[35mSQL (12.9ms)[0m  INSERT INTO `guests` (`attending`, `cell_num`, `created_at`, `name`, `sex`, `updated_at`) VALUES (1, '9999999999', '2012-12-08 19:22:09', 'rajuuuu', 'male', '2012-12-08 19:22:09')
  [1m[36m (52.7ms)[0m  [1mCOMMIT[0m
Redirected to http://localhost:3000/guests/14
Completed 302 Found in 70ms (ActiveRecord: 65.7ms)


Started GET "/guests/14" for 127.0.0.1 at 2012-12-09 00:52:09 +0530
Processing by GuestsController#show as HTML
  Parameters: {"id"=>"14"}
  [1m[35mGuest Load (0.5ms)[0m  SELECT `guests`.* FROM `guests` WHERE `guests`.`id` = 14 LIMIT 1
  [1m[36mGuest Load (0.4ms)[0m  [1mSELECT `guests`.* FROM `guests` [0m
  Rendered guests/show.html.erb within layouts/application (0.1ms)
  Rendered shared/_top_carousel.html.erb (1.0ms)
  [1m[35mCACHE (0.0ms)[0m  SELECT `guests`.* FROM `guests` 
  Rendered shared/_attendee.html.erb (4.4ms)
  Rendered shared/_footer.html.erb (0.4ms)
  Rendered shared/_attending.html.erb (0.4ms)
  Rendered shared/_attending_list.html.erb (1.3ms)
  Rendered shared/_right_panel.html.erb (8.8ms)
Completed 200 OK in 31ms (Views: 26.0ms | ActiveRecord: 0.9ms)
